\BOOKMARK [0][-]{part.1}{I Grundlagen der Ma\337theorethischen Wahrscheinlichkeitstheorie}{}% 1
\BOOKMARK [1][-]{section.1}{0-1 Gesetze}{part.1}% 2
\BOOKMARK [2][-]{subsection.1.1}{Definition \(liminf,limsup\)}{section.1}% 3
\BOOKMARK [2][-]{subsection.1.2}{Bemerkung}{section.1}% 4
\BOOKMARK [2][-]{subsection.1.3}{Lemma \(Borel-Cantelli\)}{section.1}% 5
\BOOKMARK [2][-]{subsection.1.4}{Definition \(Terminale Ereignisse\)}{section.1}% 6
\BOOKMARK [2][-]{subsection.1.5}{Beispiel}{section.1}% 7
\BOOKMARK [2][-]{subsection.1.6}{Definition \(Unabh\344ngige Mengensysteme\)}{section.1}% 8
\BOOKMARK [2][-]{subsection.1.7}{Satz \(0-1 Gesetze von Kolmogorov\)}{section.1}% 9
\BOOKMARK [2][-]{subsection.1.8}{Korollar}{section.1}% 10
\BOOKMARK [2][-]{subsection.1.9}{Korollar}{section.1}% 11
\BOOKMARK [2][-]{subsection.1.10}{Beispiel}{section.1}% 12
\BOOKMARK [1][-]{section.2}{Konvergenzarten: fast sicher, stochastisch, in Lp}{part.1}% 13
\BOOKMARK [2][-]{subsection.2.1}{Definition \(Verschiedene Konvergenzarten \(p,f.s.,Lp\)\)}{section.2}% 14
\BOOKMARK [2][-]{subsection.2.2}{Lemma}{section.2}% 15
\BOOKMARK [2][-]{subsection.2.3}{Bemerkung}{section.2}% 16
\BOOKMARK [2][-]{subsection.2.4}{Satz \(\304quivalenz zu Konvergenz in p\)}{section.2}% 17
\BOOKMARK [2][-]{subsection.2.5}{Bemerkung}{section.2}% 18
\BOOKMARK [2][-]{subsection.2.6}{Korollar \(Stetigkeitssatz f\374r Konvergenz in Wahrscheinlichkeit, continuous mapping theorem}{section.2}% 19
\BOOKMARK [2][-]{subsection.2.7}{Satz \(Beppo-Levy\)}{section.2}% 20
\BOOKMARK [2][-]{subsection.2.8}{Lemma \(Fatou\)}{section.2}% 21
\BOOKMARK [2][-]{subsection.2.9}{Satz \(Dominierte Konvergenz\)}{section.2}% 22
\BOOKMARK [2][-]{subsection.2.10}{Satz \(Vitali\)}{section.2}% 23
\BOOKMARK [2][-]{subsection.2.11}{Definition \(Gleichgradige Integrierbarkeit\)}{section.2}% 24
\BOOKMARK [2][-]{subsection.2.12}{Lemma \(Einelementige Familien sind UI\)}{section.2}% 25
\BOOKMARK [2][-]{subsection.2.13}{Lemma \(UI => Beschr\344nkt\)}{section.2}% 26
\BOOKMARK [2][-]{subsection.2.14}{Lemma}{section.2}% 27
\BOOKMARK [2][-]{subsection.2.15}{Lemma \(Beschr\344nkte Konvergenz\)}{section.2}% 28
