\BOOKMARK [0][-]{part.1}{I Grundlagen der Ma\337theorethischen Wahrscheinlichkeitstheorie}{}% 1
\BOOKMARK [1][-]{section.1}{0-1 Gesetze}{part.1}% 2
\BOOKMARK [2][-]{subsection.1.1}{Definition \(liminf,limsup\)}{section.1}% 3
\BOOKMARK [2][-]{subsection.1.2}{Bemerkung}{section.1}% 4
\BOOKMARK [2][-]{subsection.1.3}{Lemma \(Borel-Cantelli\)}{section.1}% 5
\BOOKMARK [2][-]{subsection.1.4}{Definition \(Terminale Ereignisse\)}{section.1}% 6
\BOOKMARK [2][-]{subsection.1.5}{Beispiel}{section.1}% 7
\BOOKMARK [2][-]{subsection.1.6}{Definition \(Unabh\344ngige Mengensysteme\)}{section.1}% 8
\BOOKMARK [2][-]{subsection.1.7}{Satz \(0-1 Gesetze von Kolmogorov\)}{section.1}% 9
\BOOKMARK [2][-]{subsection.1.8}{Korollar}{section.1}% 10
\BOOKMARK [2][-]{subsection.1.9}{Korollar}{section.1}% 11
\BOOKMARK [2][-]{subsection.1.10}{Beispiel}{section.1}% 12
\BOOKMARK [1][-]{section.2}{Konvergenzarten: fast sicher, stochastisch, in Lp}{part.1}% 13
\BOOKMARK [2][-]{subsection.2.1}{Definition \(Verschiedene Konvergenzarten \(p,f.s.,Lp\)\)}{section.2}% 14
\BOOKMARK [2][-]{subsection.2.2}{Lemma}{section.2}% 15
\BOOKMARK [2][-]{subsection.2.3}{Bemerkung}{section.2}% 16
\BOOKMARK [2][-]{subsection.2.4}{Satz \(\304quivalenz zu Konvergenz in p\)}{section.2}% 17
\BOOKMARK [2][-]{subsection.2.5}{Bemerkung}{section.2}% 18
\BOOKMARK [2][-]{subsection.2.6}{Korollar \(Stetigkeitssatz f\374r Konvergenz in Wahrscheinlichkeit, continuous mapping theorem}{section.2}% 19
\BOOKMARK [2][-]{subsection.2.7}{Satz \(Beppo-Levy\)}{section.2}% 20
\BOOKMARK [2][-]{subsection.2.8}{Lemma \(Fatou\)}{section.2}% 21
\BOOKMARK [2][-]{subsection.2.9}{Satz \(Dominierte Konvergenz\)}{section.2}% 22
\BOOKMARK [2][-]{subsection.2.10}{Satz \(Vitali\)}{section.2}% 23
\BOOKMARK [2][-]{subsection.2.11}{Definition \(Gleichgradige Integrierbarkeit\)}{section.2}% 24
\BOOKMARK [2][-]{subsection.2.12}{Lemma \(Einelementige Familien sind UI\)}{section.2}% 25
\BOOKMARK [2][-]{subsection.2.13}{Lemma \(UI => Beschr\344nkt\)}{section.2}% 26
\BOOKMARK [2][-]{subsection.2.14}{Lemma}{section.2}% 27
\BOOKMARK [2][-]{subsection.2.15}{Lemma \(Beschr\344nkte Konvergenz\)}{section.2}% 28
\BOOKMARK [2][-]{subsection.2.16}{Satz}{section.2}% 29
\BOOKMARK [1][-]{section.3}{Konvergenz in Verteilung}{part.1}% 30
\BOOKMARK [2][-]{subsection.3.1}{Definition \(Konvergenz in Verteilung\)}{section.3}% 31
\BOOKMARK [2][-]{subsection.3.2}{Lemma}{section.3}% 32
\BOOKMARK [2][-]{subsection.3.3}{Bemerkung}{section.3}% 33
\BOOKMARK [2][-]{subsection.3.4}{Satz \(Vergleich mit Konvegenz in Wahrscheinlichkeit\)}{section.3}% 34
\BOOKMARK [2][-]{subsection.3.5}{Definition \(Quantilfunktion\)}{section.3}% 35
\BOOKMARK [2][-]{subsection.3.6}{Lemma \(Eigenschaften der Quantilfunktion\)}{section.3}% 36
\BOOKMARK [2][-]{subsection.3.7}{Satz \(Verteilung durch Uniforme Verteilung berechnen\)}{section.3}% 37
\BOOKMARK [2][-]{subsection.3.8}{Satz \(Helly-Bray\)}{section.3}% 38
\BOOKMARK [2][-]{subsection.3.9}{Satz \(Skorohod\)}{section.3}% 39
\BOOKMARK [2][-]{subsection.3.10}{Lemma}{section.3}% 40
\BOOKMARK [2][-]{subsection.3.11}{Proposition}{section.3}% 41
\BOOKMARK [2][-]{subsection.3.12}{Lemma \(Slutzky\)}{section.3}% 42
\BOOKMARK [2][-]{subsection.3.13}{Beispiel}{section.3}% 43
\BOOKMARK [2][-]{subsection.3.14}{Definition}{section.3}% 44
\BOOKMARK [2][-]{subsection.3.15}{Satz \(Prohorov\)}{section.3}% 45
\BOOKMARK [1][-]{section.4}{Charakteristische Funktionen}{part.1}% 46
\BOOKMARK [2][-]{subsection.4.1}{Definition}{section.4}% 47
\BOOKMARK [2][-]{subsection.4.2}{Satz}{section.4}% 48
\BOOKMARK [2][-]{subsection.4.3}{Bemerkung}{section.4}% 49
\BOOKMARK [2][-]{subsection.4.4}{Beispiel}{section.4}% 50
\BOOKMARK [2][-]{subsection.4.5}{Satz \(Eindeutigkeitssatz\)}{section.4}% 51
\BOOKMARK [2][-]{subsection.4.6}{Beispiel}{section.4}% 52
\BOOKMARK [2][-]{subsection.4.7}{Lemma}{section.4}% 53
\BOOKMARK [2][-]{subsection.4.8}{Satz \(Stetigkeitssatz von Levy\)}{section.4}% 54
\BOOKMARK [2][-]{subsection.4.9}{Bemerkung}{section.4}% 55
\BOOKMARK [2][-]{subsection.4.10}{Lemma}{section.4}% 56
\BOOKMARK [2][-]{subsection.4.11}{Korollar}{section.4}% 57
\BOOKMARK [2][-]{subsection.4.12}{Satz \(Fourierinversion\)}{section.4}% 58
\BOOKMARK [2][-]{subsection.4.13}{Proposition \(Cramer-Wold-Device\)}{section.4}% 59
\BOOKMARK [2][-]{subsection.4.14}{Satz}{section.4}% 60
\BOOKMARK [1][-]{section.5}{Zentrale Grenzwerts\344tze}{part.1}% 61
\BOOKMARK [2][-]{subsection.5.1}{Satz \(ZGWS klassisch\)}{section.5}% 62
\BOOKMARK [2][-]{subsection.5.2}{Satz \(Berry-Ess\351en\)}{section.5}% 63
\BOOKMARK [2][-]{subsection.5.3}{Korollar}{section.5}% 64
\BOOKMARK [2][-]{subsection.5.4}{Satz \(Lindeberg-Feller\)}{section.5}% 65
\BOOKMARK [2][-]{subsection.5.5}{Lemma}{section.5}% 66
\BOOKMARK [2][-]{subsection.5.6}{Lemma}{section.5}% 67
\BOOKMARK [2][-]{subsection.5.7}{Lemma \(Lyapunov-Bedingung\)}{section.5}% 68
\BOOKMARK [2][-]{subsection.5.8}{Bemerkung}{section.5}% 69
\BOOKMARK [2][-]{subsection.5.9}{Beispiel \(Rekorde\)}{section.5}% 70
\BOOKMARK [2][-]{subsection.5.10}{Satz \(Lindeberg-Feller multivariat\)}{section.5}% 71
\BOOKMARK [2][-]{subsection.5.11}{Bemerkung}{section.5}% 72
\BOOKMARK [2][-]{subsection.5.12}{Korollar}{section.5}% 73
\BOOKMARK [2][-]{subsection.5.13}{Satz \(Gesetz vom iterierten Logarithmus\)}{section.5}% 74
\BOOKMARK [1][-]{section.6}{Bedingte Erwartungswerte}{part.1}% 75
\BOOKMARK [2][-]{subsection.6.1}{Definition und Satz}{section.6}% 76
\BOOKMARK [2][-]{subsection.6.2}{Satz}{section.6}% 77
\BOOKMARK [2][-]{subsection.6.3}{Satz \(bedingte monotone Konvergenz\)}{section.6}% 78
\BOOKMARK [2][-]{subsection.6.4}{Bemerkung}{section.6}% 79
\BOOKMARK [2][-]{subsection.6.5}{Satz \(Orthogonalprojektion\)}{section.6}% 80
\BOOKMARK [2][-]{subsection.6.6}{Satz}{section.6}% 81
\BOOKMARK [2][-]{subsection.6.7}{Satz \(Faktorisierungssatz\)}{section.6}% 82
\BOOKMARK [1][-]{section.7}{Bedingte Verteilungen}{part.1}% 83
\BOOKMARK [2][-]{subsection.7.1}{Definition}{section.7}% 84
\BOOKMARK [2][-]{subsection.7.2}{Satz}{section.7}% 85
\BOOKMARK [2][-]{subsection.7.3}{Satz \(Fubini\)}{section.7}% 86
\BOOKMARK [2][-]{subsection.7.4}{Definition}{section.7}% 87
\BOOKMARK [2][-]{subsection.7.5}{Bemerkung}{section.7}% 88
\BOOKMARK [2][-]{subsection.7.6}{Satz}{section.7}% 89
\BOOKMARK [1][-]{section.8}{Deskriptive Statistik}{part.1}% 90
\BOOKMARK [2][-]{subsection.8.1}{Folien}{section.8}% 91
\BOOKMARK [1][-]{section.9}{Einf\374hrung in die induktive Statistik}{part.1}% 92
\BOOKMARK [2][-]{subsection.9.1}{Definition}{section.9}% 93
\BOOKMARK [2][-]{subsection.9.2}{Annahme}{section.9}% 94
\BOOKMARK [2][-]{subsection.9.3}{Definition}{section.9}% 95
\BOOKMARK [2][-]{subsection.9.4}{Lemma}{section.9}% 96
\BOOKMARK [2][-]{subsection.9.5}{Beispiel}{section.9}% 97
\BOOKMARK [2][-]{subsection.9.6}{Definition}{section.9}% 98
\BOOKMARK [2][-]{subsection.9.7}{Bemerkung}{section.9}% 99
\BOOKMARK [1][-]{section.10}{Suffizienz}{part.1}% 100
\BOOKMARK [2][-]{subsection.10.1}{Beispiele}{section.10}% 101
\BOOKMARK [2][-]{subsection.10.2}{Definition}{section.10}% 102
\BOOKMARK [2][-]{subsection.10.3}{Lemma}{section.10}% 103
\BOOKMARK [2][-]{subsection.10.4}{Bemerkung \(Extremf\344lle\)}{section.10}% 104
\BOOKMARK [2][-]{subsection.10.5}{Lemma}{section.10}% 105
\BOOKMARK [2][-]{subsection.10.6}{Satz \(Rao-Blackwell\)}{section.10}% 106
\BOOKMARK [2][-]{subsection.10.7}{Satz \(Neyman-Kriterium\)}{section.10}% 107
\BOOKMARK [2][-]{subsection.10.8}{Bemerkung}{section.10}% 108
\BOOKMARK [2][-]{subsection.10.9}{Korollar}{section.10}% 109
\BOOKMARK [2][-]{subsection.10.10}{Korollar}{section.10}% 110
\BOOKMARK [2][-]{subsection.10.11}{Korollar}{section.10}% 111
\BOOKMARK [2][-]{subsection.10.12}{Korollar}{section.10}% 112
\BOOKMARK [2][-]{subsection.10.13}{Definition}{section.10}% 113
\BOOKMARK [2][-]{subsection.10.14}{Satz}{section.10}% 114
\BOOKMARK [2][-]{subsection.10.15}{Beispiel \(Suffizienz und Exponentialfamilien\)}{section.10}% 115
\BOOKMARK [2][-]{subsection.10.16}{Beispiel \(Suffizienz ohne Exponentialfamilie\)}{section.10}% 116
\BOOKMARK [1][-]{section.11}{Vollst\344ndigkeit und UMVU Sch\344tzer}{part.1}% 117
\BOOKMARK [2][-]{subsection.11.1}{Definition}{section.11}% 118
\BOOKMARK [2][-]{subsection.11.2}{Bemerkung}{section.11}% 119
\BOOKMARK [2][-]{subsection.11.3}{Satz \(Eindeutigkeit\)}{section.11}% 120
\BOOKMARK [2][-]{subsection.11.4}{Satz \(Raosche Kovarianzmethode\)}{section.11}% 121
\BOOKMARK [2][-]{subsection.11.5}{Definition \(Vollst\344ndige -Algebra\)}{section.11}% 122
\BOOKMARK [2][-]{subsection.11.6}{Bemerkung}{section.11}% 123
\BOOKMARK [2][-]{subsection.11.7}{Beispiel}{section.11}% 124
\BOOKMARK [2][-]{subsection.11.8}{Satz \(Lehmann-Scheffe\)}{section.11}% 125
\BOOKMARK [2][-]{subsection.11.9}{Beispiel}{section.11}% 126
\BOOKMARK [2][-]{subsection.11.10}{Beispiel}{section.11}% 127
\BOOKMARK [2][-]{subsection.11.11}{Lemma \(Momente bei Exponentialfamilien\)}{section.11}% 128
